[debug] [2024-09-09T09:59:52.878Z] ----------------------------------------------------------------------
[debug] [2024-09-09T09:59:52.880Z] Command:       C:\Program Files\nodejs\node.exe C:\Users\Asus\AppData\Roaming\npm\node_modules\firebase-tools\lib\bin\firebase.js init
[debug] [2024-09-09T09:59:52.880Z] CLI Version:   13.13.3
[debug] [2024-09-09T09:59:52.880Z] Platform:      win32
[debug] [2024-09-09T09:59:52.880Z] Node Version:  v20.14.0
[debug] [2024-09-09T09:59:52.880Z] Time:          Mon Sep 09 2024 15:29:52 GMT+0530 (India Standard Time)
[debug] [2024-09-09T09:59:52.881Z] ----------------------------------------------------------------------
[debug] 
[debug] [2024-09-09T09:59:52.884Z] > command requires scopes: ["email","openid","https://www.googleapis.com/auth/cloudplatformprojects.readonly","https://www.googleapis.com/auth/firebase","https://www.googleapis.com/auth/cloud-platform"]
[debug] [2024-09-09T09:59:52.885Z] > authorizing via signed-in user (adithsiju0213@gmail.com)
[info] 
     ######## #### ########  ######## ########     ###     ######  ########
     ##        ##  ##     ## ##       ##     ##  ##   ##  ##       ##
     ######    ##  ########  ######   ########  #########  ######  ######
     ##        ##  ##    ##  ##       ##     ## ##     ##       ## ##
     ##       #### ##     ## ######## ########  ##     ##  ######  ########

You're about to initialize a Firebase project in this directory:

  D:\web development\To do list

[info] 
=== Project Setup
[info] 
[info] First, let's associate this project directory with a Firebase project.
[info] You can create multiple project aliases by running firebase use --add, 
[info] but for now we'll just set up a default project.
[info] 
[debug] [2024-09-09T10:00:27.876Z] > refreshing access token with scopes: []
[debug] [2024-09-09T10:00:27.878Z] >>> [apiv2][query] POST https://www.googleapis.com/oauth2/v3/token [none]
[debug] [2024-09-09T10:00:27.879Z] >>> [apiv2][body] POST https://www.googleapis.com/oauth2/v3/token [omitted]
[debug] [2024-09-09T10:00:28.104Z] <<< [apiv2][status] POST https://www.googleapis.com/oauth2/v3/token 200
[debug] [2024-09-09T10:00:28.104Z] <<< [apiv2][body] POST https://www.googleapis.com/oauth2/v3/token [omitted]
[debug] [2024-09-09T10:00:28.109Z] >>> [apiv2][query] GET https://firebase.googleapis.com/v1beta1/projects pageSize=100
[debug] [2024-09-09T10:00:28.631Z] <<< [apiv2][status] GET https://firebase.googleapis.com/v1beta1/projects 200
[debug] [2024-09-09T10:00:28.631Z] <<< [apiv2][body] GET https://firebase.googleapis.com/v1beta1/projects [omitted]
[debug] [2024-09-09T10:02:07.614Z] ----------------------------------------------------------------------
[debug] [2024-09-09T10:02:07.616Z] Command:       C:\Program Files\nodejs\node.exe C:\Users\Asus\AppData\Roaming\npm\node_modules\firebase-tools\lib\bin\firebase.js init
[debug] [2024-09-09T10:02:07.617Z] CLI Version:   13.16.0
[debug] [2024-09-09T10:02:07.617Z] Platform:      win32
[debug] [2024-09-09T10:02:07.617Z] Node Version:  v20.14.0
[debug] [2024-09-09T10:02:07.617Z] Time:          Mon Sep 09 2024 15:32:07 GMT+0530 (India Standard Time)
[debug] [2024-09-09T10:02:07.617Z] ----------------------------------------------------------------------
[debug] 
[debug] [2024-09-09T10:02:07.621Z] > command requires scopes: ["email","openid","https://www.googleapis.com/auth/cloudplatformprojects.readonly","https://www.googleapis.com/auth/firebase","https://www.googleapis.com/auth/cloud-platform"]
[debug] [2024-09-09T10:02:07.621Z] > authorizing via signed-in user (adithsiju0213@gmail.com)
[info] 
     ######## #### ########  ######## ########     ###     ######  ########
     ##        ##  ##     ## ##       ##     ##  ##   ##  ##       ##
     ######    ##  ########  ######   ########  #########  ######  ######
     ##        ##  ##    ##  ##       ##     ## ##     ##       ## ##
     ##       #### ##     ## ######## ########  ##     ##  ######  ########

You're about to initialize a Firebase project in this directory:

  D:\web development\To do list

[info] 
=== Project Setup
[info] 
[info] First, let's associate this project directory with a Firebase project.
[info] You can create multiple project aliases by running firebase use --add, 
[info] but for now we'll just set up a default project.
[info] 
[debug] [2024-09-09T10:02:31.700Z] >>> [apiv2][query] GET https://firebase.googleapis.com/v1beta1/projects pageSize=100
[debug] [2024-09-09T10:02:33.139Z] <<< [apiv2][status] GET https://firebase.googleapis.com/v1beta1/projects 200
[debug] [2024-09-09T10:02:33.140Z] <<< [apiv2][body] GET https://firebase.googleapis.com/v1beta1/projects [omitted]
